0 info it worked if it ends with ok
1 verbose cli [ '/usr/local/bin/node',
1 verbose cli   '/usr/local/lib/node_modules/tnpm/node_modules/npm/bin/npm-cli.js',
1 verbose cli   '--cache=/Users/moha/.tnpm',
1 verbose cli   '--tmp=/Users/moha/.tnpm_tmp',
1 verbose cli   '--no-proxy',
1 verbose cli   '--disturl=https://tnpm-hz.oss-cn-hangzhou.aliyuncs.com/dist/node',
1 verbose cli   '--userconfig=/Users/moha/.tnpmrc',
1 verbose cli   '--registry=http://registry.npm.alibaba-inc.com',
1 verbose cli   'run',
1 verbose cli   'dev' ]
2 info using npm@3.10.10
3 info using node@v8.1.2
4 verbose run-script [ 'predev', 'dev', 'postdev' ]
5 info lifecycle cdd-pc@1.0.0~predev: cdd-pc@1.0.0
6 silly lifecycle cdd-pc@1.0.0~predev: no script for predev, continuing
7 info lifecycle cdd-pc@1.0.0~dev: cdd-pc@1.0.0
8 verbose lifecycle cdd-pc@1.0.0~dev: unsafe-perm in lifecycle true
9 verbose lifecycle cdd-pc@1.0.0~dev: PATH: /usr/local/lib/node_modules/tnpm/node_modules/npm/bin/node-gyp-bin:/Users/moha/cdd/node_modules/.bin:/Library/Frameworks/Python.framework/Versions/3.4/bin:/Library/Java/JavaVirtualMachines/jdk1.8.0_121.jdk/Contents/Home/bin:/usr/local/bin:/usr/local/bin:/usr/local/sbin:/usr/bin:/usr/sbin:/bin:/sbin:/Users/moha/Library/Android/sdk/platform-tools
10 verbose lifecycle cdd-pc@1.0.0~dev: CWD: /Users/moha/cdd
11 silly lifecycle cdd-pc@1.0.0~dev: Args: [ '-c', 'webpack-dev-server --content-base ./src' ]
12 info lifecycle cdd-pc@1.0.0~dev: Failed to exec dev script
13 verbose stack Error: cdd-pc@1.0.0 dev: `webpack-dev-server --content-base ./src`
13 verbose stack spawn ENOENT
13 verbose stack     at ChildProcess.<anonymous> (/usr/local/lib/node_modules/tnpm/node_modules/npm/lib/utils/spawn.js:33:16)
13 verbose stack     at emitTwo (events.js:125:13)
13 verbose stack     at ChildProcess.emit (events.js:213:7)
13 verbose stack     at maybeClose (internal/child_process.js:897:16)
13 verbose stack     at Process.ChildProcess._handle.onexit (internal/child_process.js:208:5)
14 verbose pkgid cdd-pc@1.0.0
15 verbose cwd /Users/moha/cdd
16 error Darwin 16.4.0
17 error argv "/usr/local/bin/node" "/usr/local/lib/node_modules/tnpm/node_modules/npm/bin/npm-cli.js" "--cache=/Users/moha/.tnpm" "--tmp=/Users/moha/.tnpm_tmp" "--no-proxy" "--disturl=https://tnpm-hz.oss-cn-hangzhou.aliyuncs.com/dist/node" "--userconfig=/Users/moha/.tnpmrc" "--registry=http://registry.npm.alibaba-inc.com" "run" "dev"
18 error node v8.1.2
19 error npm  v3.10.10
20 error file sh
21 error code ELIFECYCLE
22 error errno ENOENT
23 error syscall spawn
24 error cdd-pc@1.0.0 dev: `webpack-dev-server --content-base ./src`
24 error spawn ENOENT
25 error Failed at the cdd-pc@1.0.0 dev script 'webpack-dev-server --content-base ./src'.
25 error Make sure you have the latest version of node.js and npm installed.
25 error If you do, this is most likely a problem with the cdd-pc package,
25 error not with npm itself.
25 error Tell the author that this fails on your system:
25 error     webpack-dev-server --content-base ./src
25 error You can get information on how to open an issue for this project with:
25 error     npm bugs cdd-pc
25 error Or if that isn't available, you can get their info via:
25 error     npm owner ls cdd-pc
25 error There is likely additional logging output above.
26 verbose exit [ 1, true ]
